<?xml version="1.0" encoding="UTF-8"?>
<!-- Generated by org.testng.reporters.JUnitReportReporter -->
<testsuite hostname="TYC1121225" failures="0" tests="1" name="testNG.ToOrderAProductFromFlipkart" time="7.139" errors="0" timestamp="2023-05-12T12:39:29 IST" skipped="0">
  <testcase classname="testNG.ToOrderAProductFromFlipkart" name="toOrderIphone14" time="7.139"/>
  <system-out/>
</testsuite> <!-- testNG.ToOrderAProductFromFlipkart -->
