<?xml version="1.0" encoding="UTF-8"?>
<!-- Generated by org.testng.reporters.JUnitReportReporter -->
<testsuite hostname="TYC1121225" failures="0" tests="2" name="testNG.ClassE" time="0.011" errors="0" timestamp="2023-05-11T12:54:33 IST" skipped="0">
  <testcase classname="testNG.ClassE" name="d" time="0.001"/>
  <system-out/>
  <testcase classname="testNG.ClassE" name="a" time="0.010"/>
  <system-out/>
</testsuite> <!-- testNG.ClassE -->
