<?xml version="1.0" encoding="UTF-8"?>
<!-- Generated by org.testng.reporters.JUnitReportReporter -->
<testsuite hostname="TYC1121225" failures="0" tests="3" name="testNG.ClassF" time="0.007" errors="0" timestamp="2023-05-11T12:52:39 IST" skipped="1">
  <testcase classname="testNG.ClassF" name="c" time="0.006"/>
  <system-out/>
  <testcase classname="testNG.ClassF" name="d" time="0.001"/>
  <system-out/>
  <testcase classname="testNG.ClassF" name="a">
    <skipped/>
  </testcase> <!-- a -->
  <system-out/>
</testsuite> <!-- testNG.ClassF -->
