<?xml version="1.0" encoding="UTF-8"?>
<!-- Generated by org.testng.reporters.JUnitReportReporter -->
<testsuite hostname="TYC1121225" failures="0" tests="5" name="testNG.ClassC" time="0.007" errors="0" timestamp="2023-05-11T12:29:18 IST" skipped="0">
  <testcase classname="testNG.ClassC" name="jspiders" time="0.002"/>
  <system-out/>
  <testcase classname="testNG.ClassC" name="jspiders" time="0.002"/>
  <system-out/>
  <testcase classname="testNG.ClassC" name="qspiders" time="0.001"/>
  <system-out/>
  <testcase classname="testNG.ClassC" name="qspiders" time="0.001"/>
  <system-out/>
  <testcase classname="testNG.ClassC" name="qspiders" time="0.001"/>
  <system-out/>
</testsuite> <!-- testNG.ClassC -->
