<?xml version="1.0" encoding="UTF-8"?>
<!-- Generated by org.testng.reporters.JUnitReportReporter -->
<testsuite hostname="TYC1121225" failures="0" tests="1" name="testNG.G" time="11.658" errors="0" timestamp="2023-05-12T12:08:15 IST" skipped="0">
  <testcase classname="testNG.G" name="demo" time="11.658"/>
  <system-out/>
</testsuite> <!-- testNG.G -->
