<?xml version="1.0" encoding="UTF-8"?>
<!-- Generated by org.testng.reporters.JUnitReportReporter -->
<testsuite hostname="TYC1121225" failures="0" tests="1" name="testNG.OrderIphoneFromFlipkart" time="6.430" errors="0" timestamp="2023-05-12T12:39:29 IST" skipped="0">
  <testcase classname="testNG.OrderIphoneFromFlipkart" name="toOrderIphone13" time="6.430"/>
  <system-out/>
</testsuite> <!-- testNG.OrderIphoneFromFlipkart -->
