<?xml version="1.0" encoding="UTF-8"?>
<!-- Generated by org.testng.reporters.JUnitReportReporter -->
<testsuite hostname="TYC1121225" failures="0" tests="1" name="testNG.ToNavigateToGoogle" time="10.991" errors="0" timestamp="2023-05-12T12:53:23 IST" skipped="0">
  <testcase classname="testNG.ToNavigateToGoogle" name="toNavGoogle" time="10.991"/>
  <system-out/>
</testsuite> <!-- testNG.ToNavigateToGoogle -->
