<?xml version="1.0" encoding="UTF-8"?>
<!-- Generated by org.testng.reporters.JUnitReportReporter -->
<testsuite hostname="TYC1121225" failures="0" tests="2" name="testNG.ClassA" time="0.007" errors="0" timestamp="2023-05-11T12:29:18 IST" skipped="0">
  <testcase classname="testNG.ClassA" name="qspiders" time="0.005"/>
  <system-out/>
  <testcase classname="testNG.ClassA" name="jspiders" time="0.002"/>
  <system-out/>
</testsuite> <!-- testNG.ClassA -->
