<?xml version="1.0" encoding="UTF-8"?>
<!-- Generated by org.testng.reporters.JUnitReportReporter -->
<testsuite hostname="TYC1121225" failures="0" tests="1" name="basicTestScript.ToVerifyHomePage" time="6.465" errors="0" timestamp="2023-05-12T12:20:44 IST" skipped="0">
  <testcase classname="basicTestScript.ToVerifyHomePage" name="toVerifyHomePage" time="6.465"/>
  <system-out/>
</testsuite> <!-- basicTestScript.ToVerifyHomePage -->
