<?xml version="1.0" encoding="UTF-8"?>
<!-- Generated by org.testng.reporters.JUnitReportReporter -->
<testsuite hostname="TYC1121225" failures="0" tests="1" name="testNG.H" time="10.192" errors="0" timestamp="2023-05-12T12:08:15 IST" skipped="0">
  <testcase classname="testNG.H" name="demo" time="10.192"/>
  <system-out/>
</testsuite> <!-- testNG.H -->
