<?xml version="1.0" encoding="UTF-8"?>
<!-- Generated by org.testng.reporters.JUnitReportReporter -->
<testsuite hostname="TYC1121225" failures="0" tests="2" name="testNG.CrossBrowserTesting" time="55.402" errors="0" timestamp="2023-05-15T12:06:39 IST" skipped="0">
  <testcase classname="testNG.CrossBrowserTesting" name="demo" time="22.429"/>
  <system-out/>
  <testcase classname="testNG.CrossBrowserTesting" name="demo" time="32.973"/>
  <system-out/>
</testsuite> <!-- testNG.CrossBrowserTesting -->
